{"D:\\Documents\\Andy\\ca-project\\packages\\common\\domain\\index.ts": {"path":"D:\\Documents\\Andy\\ca-project\\packages\\common\\domain\\index.ts","statementMap":{"0":{"start":{"line":1,"column":0},"end":{"line":1,"column":22}},"1":{"start":{"line":2,"column":0},"end":{"line":2,"column":25}},"2":{"start":{"line":3,"column":0},"end":{"line":3,"column":31}}},"fnMap":{},"branchMap":{},"s":{"0":1,"1":1,"2":1},"f":{},"b":{}}
,"D:\\Documents\\Andy\\ca-project\\packages\\common\\domain\\user.ts": {"path":"D:\\Documents\\Andy\\ca-project\\packages\\common\\domain\\user.ts","statementMap":{"0":{"start":{"line":11,"column":35},"end":{"line":13,"column":1}},"1":{"start":{"line":12,"column":4},"end":{"line":12,"column":62}},"2":{"start":{"line":11,"column":13},"end":{"line":11,"column":35}}},"fnMap":{"0":{"name":"(anonymous_0)","decl":{"start":{"line":11,"column":35},"end":{"line":11,"column":36}},"loc":{"start":{"line":11,"column":74},"end":{"line":13,"column":1}}}},"branchMap":{},"s":{"0":1,"1":1,"2":1},"f":{"0":1},"b":{}}
}
